# JRE version: OpenJDK Runtime Environment (11.0.10) (build 11.0.10+0-b96-7249189)
# Java VM: OpenJDK 64-Bit Server VM (11.0.10+0-b96-7249189, mixed mode, tiered, compressed oops, g1 gc, windows-amd64)
Heap:
 garbage-first heap   total 114688K, used 62973K [0x00000000a0000000, 0x0000000100000000)
  region size 1024K, 17 young (17408K), 2 survivors (2048K)
 Metaspace       used 61849K, capacity 63229K, committed 63360K, reserved 1103872K
  class space    used 7795K, capacity 8314K, committed 8320K, reserved 1048576K
GC Heap History (20 events):
Event: 6.826 GC heap before
{Heap before GC invocations=2 (full 0):
 garbage-first heap   total 114688K, used 33861K [0x00000000a0000000, 0x0000000100000000)
  region size 1024K, 28 young (28672K), 9 survivors (9216K)
 Metaspace       used 20589K, capacity 21067K, committed 21248K, reserved 1067008K
  class space    used 2530K, capacity 2693K, committed 2816K, reserved 1048576K
}
Event: 6.837 GC heap after
{Heap after GC invocations=3 (full 0):
 garbage-first heap   total 114688K, used 16633K [0x00000000a0000000, 0x0000000100000000)
  region size 1024K, 1 young (1024K), 1 survivors (1024K)
 Metaspace       used 20589K, capacity 21067K, committed 21248K, reserved 1067008K
  class space    used 2530K, capacity 2693K, committed 2816K, reserved 1048576K
}
Event: 8.432 GC heap before
{Heap before GC invocations=4 (full 0):
 garbage-first heap   total 114688K, used 58617K [0x00000000a0000000, 0x0000000100000000)
  region size 1024K, 42 young (43008K), 1 survivors (1024K)
 Metaspace       used 25408K, capacity 25956K, committed 26112K, reserved 1071104K
  class space    used 3298K, capacity 3517K, committed 3584K, reserved 1048576K
}
Event: 8.437 GC heap after
{Heap after GC invocations=5 (full 0):
 garbage-first heap   total 114688K, used 18202K [0x00000000a0000000, 0x0000000100000000)
  region size 1024K, 3 young (3072K), 3 survivors (3072K)
 Metaspace       used 25408K, capacity 25956K, committed 26112K, reserved 1071104K
  class space    used 3298K, capacity 3517K, committed 3584K, reserved 1048576K
}
Event: 10.462 GC heap before
{Heap before GC invocations=5 (full 0):
 garbage-first heap   total 114688K, used 63258K [0x00000000a0000000, 0x0000000100000000)
  region size 1024K, 48 young (49152K), 3 survivors (3072K)
 Metaspace       used 33795K, capacity 34479K, committed 34688K, reserved 1079296K
  class space    used 4361K, capacity 4613K, committed 4736K, reserved 1048576K
}
Event: 10.468 GC heap after
{Heap after GC invocations=6 (full 0):
 garbage-first heap   total 114688K, used 21302K [0x00000000a0000000, 0x0000000100000000)
  region size 1024K, 6 young (6144K), 6 survivors (6144K)
 Metaspace       used 33795K, capacity 34479K, committed 34688K, reserved 1079296K
  class space    used 4361K, capacity 4613K, committed 4736K, reserved 1048576K
}
Event: 10.764 GC heap before
{Heap before GC invocations=6 (full 0):
 garbage-first heap   total 114688K, used 32566K [0x00000000a0000000, 0x0000000100000000)
  region size 1024K, 16 young (16384K), 6 survivors (6144K)
 Metaspace       used 35086K, capacity 35731K, committed 35840K, reserved 1081344K
  class space    used 4516K, capacity 4775K, committed 4864K, reserved 1048576K
}
Event: 10.776 GC heap after
{Heap after GC invocations=7 (full 0):
 garbage-first heap   total 114688K, used 24183K [0x00000000a0000000, 0x0000000100000000)
  region size 1024K, 4 young (4096K), 4 survivors (4096K)
 Metaspace       used 35086K, capacity 35731K, committed 35840K, reserved 1081344K
  class space    used 4516K, capacity 4775K, committed 4864K, reserved 1048576K
}
Event: 12.289 GC heap before
{Heap before GC invocations=8 (full 0):
 garbage-first heap   total 114688K, used 72311K [0x00000000a0000000, 0x0000000100000000)
  region size 1024K, 50 young (51200K), 4 survivors (4096K)
 Metaspace       used 39886K, capacity 40640K, committed 40832K, reserved 1085440K
  class space    used 5064K, capacity 5380K, committed 5504K, reserved 1048576K
}
Event: 12.309 GC heap after
{Heap after GC invocations=9 (full 0):
 garbage-first heap   total 114688K, used 25767K [0x00000000a0000000, 0x0000000100000000)
  region size 1024K, 5 young (5120K), 5 survivors (5120K)
 Metaspace       used 39886K, capacity 40640K, committed 40832K, reserved 1085440K
  class space    used 5064K, capacity 5380K, committed 5504K, reserved 1048576K
}
Event: 14.362 GC heap before
{Heap before GC invocations=10 (full 0):
 garbage-first heap   total 114688K, used 73895K [0x00000000a0000000, 0x0000000100000000)
  region size 1024K, 52 young (53248K), 5 survivors (5120K)
 Metaspace       used 43732K, capacity 44707K, committed 44928K, reserved 1087488K
  class space    used 5596K, capacity 5951K, committed 6016K, reserved 1048576K
}
Event: 14.370 GC heap after
{Heap after GC invocations=11 (full 0):
 garbage-first heap   total 114688K, used 28706K [0x00000000a0000000, 0x0000000100000000)
  region size 1024K, 7 young (7168K), 7 survivors (7168K)
 Metaspace       used 43732K, capacity 44707K, committed 44928K, reserved 1087488K
  class space    used 5596K, capacity 5951K, committed 6016K, reserved 1048576K
}
Event: 16.229 GC heap before
{Heap before GC invocations=11 (full 0):
 garbage-first heap   total 114688K, used 84002K [0x00000000a0000000, 0x0000000100000000)
  region size 1024K, 55 young (56320K), 7 survivors (7168K)
 Metaspace       used 45604K, capacity 46674K, committed 46720K, reserved 1089536K
  class space    used 5833K, capacity 6241K, committed 6272K, reserved 1048576K
}
Event: 16.238 GC heap after
{Heap after GC invocations=12 (full 0):
 garbage-first heap   total 114688K, used 42012K [0x00000000a0000000, 0x0000000100000000)
  region size 1024K, 7 young (7168K), 7 survivors (7168K)
 Metaspace       used 45604K, capacity 46674K, committed 46720K, reserved 1089536K
  class space    used 5833K, capacity 6241K, committed 6272K, reserved 1048576K
}
Event: 18.127 GC heap before
{Heap before GC invocations=12 (full 0):
 garbage-first heap   total 114688K, used 82972K [0x00000000a0000000, 0x0000000100000000)
  region size 1024K, 47 young (48128K), 7 survivors (7168K)
 Metaspace       used 51994K, capacity 53230K, committed 53504K, reserved 1095680K
  class space    used 6590K, capacity 7041K, committed 7168K, reserved 1048576K
}
Event: 18.134 GC heap after
{Heap after GC invocations=13 (full 0):
 garbage-first heap   total 114688K, used 43897K [0x00000000a0000000, 0x0000000100000000)
  region size 1024K, 2 young (2048K), 2 survivors (2048K)
 Metaspace       used 51994K, capacity 53230K, committed 53504K, reserved 1095680K
  class space    used 6590K, capacity 7041K, committed 7168K, reserved 1048576K
}
Event: 19.443 GC heap before
{Heap before GC invocations=13 (full 0):
 garbage-first heap   total 114688K, used 84857K [0x00000000a0000000, 0x0000000100000000)
  region size 1024K, 42 young (43008K), 2 survivors (2048K)
 Metaspace       used 55698K, capacity 56986K, committed 57216K, reserved 1099776K
  class space    used 7076K, capacity 7536K, committed 7552K, reserved 1048576K
}
Event: 19.448 GC heap after
{Heap after GC invocations=14 (full 0):
 garbage-first heap   total 114688K, used 46800K [0x00000000a0000000, 0x0000000100000000)
  region size 1024K, 5 young (5120K), 5 survivors (5120K)
 Metaspace       used 55698K, capacity 56986K, committed 57216K, reserved 1099776K
  class space    used 7076K, capacity 7536K, committed 7552K, reserved 1048576K
}
Event: 21.125 GC heap before
{Heap before GC invocations=14 (full 0):
 garbage-first heap   total 114688K, used 87760K [0x00000000a0000000, 0x0000000100000000)
  region size 1024K, 44 young (45056K), 5 survivors (5120K)
 Metaspace       used 61120K, capacity 62390K, committed 62592K, reserved 1103872K
  class space    used 7715K, capacity 8206K, committed 8320K, reserved 1048576K
}
Event: 21.132 GC heap after
{Heap after GC invocations=15 (full 0):
 garbage-first heap   total 114688K, used 48637K [0x00000000a0000000, 0x0000000100000000)
  region size 1024K, 2 young (2048K), 2 survivors (2048K)
 Metaspace       used 61120K, capacity 62390K, committed 62592K, reserved 1103872K
  class space    used 7715K, capacity 8206K, committed 8320K, reserved 1048576K
}

