# JRE version: OpenJDK Runtime Environment (11.0.10) (build 11.0.10+0-b96-7249189)
# Java VM: OpenJDK 64-Bit Server VM (11.0.10+0-b96-7249189, mixed mode, tiered, compressed oops, g1 gc, windows-amd64)
Heap:
 garbage-first heap   total 114688K, used 59871K [0x00000000a0000000, 0x0000000100000000)
  region size 1024K, 10 young (10240K), 4 survivors (4096K)
 Metaspace       used 63069K, capacity 64644K, committed 64896K, reserved 1105920K
  class space    used 7974K, capacity 8501K, committed 8576K, reserved 1048576K
GC Heap History (20 events):
Event: 7.131 GC heap before
{Heap before GC invocations=5 (full 0):
 garbage-first heap   total 114688K, used 64278K [0x00000000a0000000, 0x0000000100000000)
  region size 1024K, 48 young (49152K), 3 survivors (3072K)
 Metaspace       used 33460K, capacity 34092K, committed 34304K, reserved 1079296K
  class space    used 4306K, capacity 4548K, committed 4608K, reserved 1048576K
}
Event: 7.137 GC heap after
{Heap after GC invocations=6 (full 0):
 garbage-first heap   total 114688K, used 21197K [0x00000000a0000000, 0x0000000100000000)
  region size 1024K, 6 young (6144K), 6 survivors (6144K)
 Metaspace       used 33460K, capacity 34092K, committed 34304K, reserved 1079296K
  class space    used 4306K, capacity 4548K, committed 4608K, reserved 1048576K
}
Event: 7.475 GC heap before
{Heap before GC invocations=6 (full 0):
 garbage-first heap   total 114688K, used 34509K [0x00000000a0000000, 0x0000000100000000)
  region size 1024K, 18 young (18432K), 6 survivors (6144K)
 Metaspace       used 35128K, capacity 35731K, committed 35840K, reserved 1081344K
  class space    used 4514K, capacity 4775K, committed 4864K, reserved 1048576K
}
Event: 7.486 GC heap after
{Heap after GC invocations=7 (full 0):
 garbage-first heap   total 114688K, used 24213K [0x00000000a0000000, 0x0000000100000000)
  region size 1024K, 4 young (4096K), 4 survivors (4096K)
 Metaspace       used 35128K, capacity 35731K, committed 35840K, reserved 1081344K
  class space    used 4514K, capacity 4775K, committed 4864K, reserved 1048576K
}
Event: 8.619 GC heap before
{Heap before GC invocations=8 (full 0):
 garbage-first heap   total 114688K, used 73365K [0x00000000a0000000, 0x0000000100000000)
  region size 1024K, 51 young (52224K), 4 survivors (4096K)
 Metaspace       used 39838K, capacity 40576K, committed 40832K, reserved 1085440K
  class space    used 5060K, capacity 5380K, committed 5504K, reserved 1048576K
}
Event: 8.637 GC heap after
{Heap after GC invocations=9 (full 0):
 garbage-first heap   total 114688K, used 25747K [0x00000000a0000000, 0x0000000100000000)
  region size 1024K, 5 young (5120K), 5 survivors (5120K)
 Metaspace       used 39838K, capacity 40576K, committed 40832K, reserved 1085440K
  class space    used 5060K, capacity 5380K, committed 5504K, reserved 1048576K
}
Event: 10.009 GC heap before
{Heap before GC invocations=10 (full 0):
 garbage-first heap   total 114688K, used 74899K [0x00000000a0000000, 0x0000000100000000)
  region size 1024K, 53 young (54272K), 5 survivors (5120K)
 Metaspace       used 43658K, capacity 44579K, committed 44672K, reserved 1087488K
  class space    used 5587K, capacity 5951K, committed 6016K, reserved 1048576K
}
Event: 10.019 GC heap after
{Heap after GC invocations=11 (full 0):
 garbage-first heap   total 114688K, used 28605K [0x00000000a0000000, 0x0000000100000000)
  region size 1024K, 7 young (7168K), 7 survivors (7168K)
 Metaspace       used 43658K, capacity 44579K, committed 44672K, reserved 1087488K
  class space    used 5587K, capacity 5951K, committed 6016K, reserved 1048576K
}
Event: 11.459 GC heap before
{Heap before GC invocations=11 (full 0):
 garbage-first heap   total 114688K, used 83901K [0x00000000a0000000, 0x0000000100000000)
  region size 1024K, 55 young (56320K), 7 survivors (7168K)
 Metaspace       used 45330K, capacity 46470K, committed 46720K, reserved 1089536K
  class space    used 5811K, capacity 6237K, committed 6272K, reserved 1048576K
}
Event: 11.468 GC heap after
{Heap after GC invocations=12 (full 0):
 garbage-first heap   total 114688K, used 41394K [0x00000000a0000000, 0x0000000100000000)
  region size 1024K, 7 young (7168K), 7 survivors (7168K)
 Metaspace       used 45330K, capacity 46470K, committed 46720K, reserved 1089536K
  class space    used 5811K, capacity 6237K, committed 6272K, reserved 1048576K
}
Event: 12.876 GC heap before
{Heap before GC invocations=12 (full 0):
 garbage-first heap   total 114688K, used 83378K [0x00000000a0000000, 0x0000000100000000)
  region size 1024K, 48 young (49152K), 7 survivors (7168K)
 Metaspace       used 51848K, capacity 52989K, committed 53120K, reserved 1095680K
  class space    used 6570K, capacity 7004K, committed 7040K, reserved 1048576K
}
Event: 12.885 GC heap after
{Heap after GC invocations=13 (full 0):
 garbage-first heap   total 114688K, used 43611K [0x00000000a0000000, 0x0000000100000000)
  region size 1024K, 2 young (2048K), 2 survivors (2048K)
 Metaspace       used 51848K, capacity 52989K, committed 53120K, reserved 1095680K
  class space    used 6570K, capacity 7004K, committed 7040K, reserved 1048576K
}
Event: 14.256 GC heap before
{Heap before GC invocations=13 (full 0):
 garbage-first heap   total 114688K, used 85595K [0x00000000a0000000, 0x0000000100000000)
  region size 1024K, 43 young (44032K), 2 survivors (2048K)
 Metaspace       used 55659K, capacity 56939K, committed 57088K, reserved 1099776K
  class space    used 7075K, capacity 7564K, committed 7680K, reserved 1048576K
}
Event: 14.263 GC heap after
{Heap after GC invocations=14 (full 0):
 garbage-first heap   total 114688K, used 46431K [0x00000000a0000000, 0x0000000100000000)
  region size 1024K, 5 young (5120K), 5 survivors (5120K)
 Metaspace       used 55659K, capacity 56939K, committed 57088K, reserved 1099776K
  class space    used 7075K, capacity 7564K, committed 7680K, reserved 1048576K
}
Event: 16.679 GC heap before
{Heap before GC invocations=14 (full 0):
 garbage-first heap   total 114688K, used 87391K [0x00000000a0000000, 0x0000000100000000)
  region size 1024K, 45 young (46080K), 5 survivors (5120K)
 Metaspace       used 61107K, capacity 62473K, committed 62592K, reserved 1103872K
  class space    used 7722K, capacity 8234K, committed 8320K, reserved 1048576K
}
Event: 16.687 GC heap after
{Heap after GC invocations=15 (full 0):
 garbage-first heap   total 114688K, used 48229K [0x00000000a0000000, 0x0000000100000000)
  region size 1024K, 2 young (2048K), 2 survivors (2048K)
 Metaspace       used 61107K, capacity 62473K, committed 62592K, reserved 1103872K
  class space    used 7722K, capacity 8234K, committed 8320K, reserved 1048576K
}
Event: 18.281 GC heap before
{Heap before GC invocations=15 (full 0):
 garbage-first heap   total 114688K, used 88165K [0x00000000a0000000, 0x0000000100000000)
  region size 1024K, 42 young (43008K), 2 survivors (2048K)
 Metaspace       used 62265K, capacity 63628K, committed 63744K, reserved 1103872K
  class space    used 7845K, capacity 8357K, committed 8448K, reserved 1048576K
}
Event: 18.290 GC heap after
{Heap after GC invocations=16 (full 0):
 garbage-first heap   total 114688K, used 51161K [0x00000000a0000000, 0x0000000100000000)
  region size 1024K, 5 young (5120K), 5 survivors (5120K)
 Metaspace       used 62265K, capacity 63628K, committed 63744K, reserved 1103872K
  class space    used 7845K, capacity 8357K, committed 8448K, reserved 1048576K
}
Event: 19.401 GC heap before
{Heap before GC invocations=16 (full 0):
 garbage-first heap   total 114688K, used 90073K [0x00000000a0000000, 0x0000000100000000)
  region size 1024K, 43 young (44032K), 5 survivors (5120K)
 Metaspace       used 63050K, capacity 64632K, committed 64896K, reserved 1105920K
  class space    used 7971K, capacity 8497K, committed 8576K, reserved 1048576K
}
Event: 19.410 GC heap after
{Heap after GC invocations=17 (full 0):
 garbage-first heap   total 114688K, used 54751K [0x00000000a0000000, 0x0000000100000000)
  region size 1024K, 4 young (4096K), 4 survivors (4096K)
 Metaspace       used 63050K, capacity 64632K, committed 64896K, reserved 1105920K
  class space    used 7971K, capacity 8497K, committed 8576K, reserved 1048576K
}

